Error:  /home/IC/Projects/fm/formality1_svf/svf.txt (Line: 70) Originally from /home/IC/Projects/syn/system.svf: Parse error.
****************************************************

Info:  Net Imp:/WORK/ALU_data_width8_out_width16_DW_div_uns_0/remainder[7] is undriven.
Info:  Net Imp:/WORK/ALU_data_width8_out_width16_DW_div_uns_0/remainder[6] is undriven.
Info:  Net Imp:/WORK/ALU_data_width8_out_width16_DW_div_uns_0/remainder[5] is undriven.
Info:  Net Imp:/WORK/ALU_data_width8_out_width16_DW_div_uns_0/remainder[4] is undriven.
Info:  Net Imp:/WORK/ALU_data_width8_out_width16_DW_div_uns_0/remainder[3] is undriven.
Info:  Net Imp:/WORK/ALU_data_width8_out_width16_DW_div_uns_0/remainder[2] is undriven.
Info:  Net Imp:/WORK/ALU_data_width8_out_width16_DW_div_uns_0/remainder[1] is undriven.
Info:  Net Imp:/WORK/ALU_data_width8_out_width16_DW_div_uns_0/remainder[0] is undriven.
Info:  Net Imp:/WORK/ALU_data_width8_out_width16_DW_div_uns_0/divide_by_0 is undriven.
Info:  Net Imp:/WORK/ALU_data_width8_out_width16_DW01_sub_0/CO is undriven.
Info:  Net Imp:/WORK/ALU_data_width8_out_width16_DW01_add_0/CO is undriven.
Info:  Net Imp:/WORK/ALU_data_width8_out_width16_DW01_add_1/CO is undriven.
Info:  guide_uniquify 168 (Line: 1122)  Cannot find object "U11/U12" in design 'system_top'.
Info:  SVF Operation 168 (Line: 1122) - uniquify.  Status: rejected
Info:  guide_uniquify 168 (Line: 1122)  Cannot find object "U10/U12" in design 'system_top'.
Info:  guide_uniquify 176 (Line: 1163)  Cannot find object "U2/dp_cluster_0/mult_27" in design 'system_top'.
Info:  Pre-verification of Ref:/WORK/ALU_data_width8_out_width16/div_30 SUCCEEDED.
Info:  Pre-verification of Ref:/WORK/ALU_data_width8_out_width16/mult_27 SUCCEEDED.
****************************************************

